<?xml version="1.0" encoding="UTF-8"?>
<testsuite xmlns:xsi="http://www.w3.org/2001/XMLSchema-instance" xsi:noNamespaceSchemaLocation="https://maven.apache.org/surefire/maven-surefire-plugin/xsd/surefire-test-report.xsd" name="service.ServiceTest" time="0.116" tests="12" errors="0" skipped="0" failures="0">
  <properties>
[...]
</properties>
  <testcase name="addStudent_validInexistentID_Created" classname="service.ServiceTest" time="0.041"/>
  <testcase name="addStudent_validExistentID_NotCreated" classname="service.ServiceTest" time="0.001"/>
  <testcase name="addStudent_validName_Created" classname="service.ServiceTest" time="0.001"/>
  <testcase name="addStudent_validPositiveGroup_Created" classname="service.ServiceTest" time="0"/>
  <testcase name="addStudent_invalidEmptyEmail_NotCreated" classname="service.ServiceTest" time="0.001"/>
  <testcase name="addStudent_invalidNegativeGroup_NotCreated" classname="service.ServiceTest" time="0"/>
  <testcase name="addStudent_invalidNullName_NotCreated" classname="service.ServiceTest" time="0"/>
  <testcase name="addStudent_invalidEmptyName_NotCreated" classname="service.ServiceTest" time="0"/>
  <testcase name="addStudent_validEmail_Created" classname="service.ServiceTest" time="0"/>
  <testcase name="addStudent_invalidNullID_NotCreated" classname="service.ServiceTest" time="0"/>
  <testcase name="addStudent_invalidNullEmail_NotCreated" classname="service.ServiceTest" time="0"/>
  <testcase name="addStudent_invalidEmptyID_NotCreated" classname="service.ServiceTest" time="0"/>
</testsuite>