<?xml version="1.0" encoding="UTF-8"?>
<testsuite xmlns:xsi="http://www.w3.org/2001/XMLSchema-instance" xsi:schemaLocation="https://maven.apache.org/surefire/maven-surefire-plugin/xsd/surefire-test-report.xsd" name="service.ServiceTest" time="0.046" tests="2" errors="0" skipped="0" failures="0">
  <properties>
[...]
</properties>
  <testcase name="addStudent_validExistentID_NotCreated" classname="service.ServiceTest" time="0.002"/>
  <testcase name="addStudent_validInexistentID_Created" classname="service.ServiceTest" time="0"/>
</testsuite>